Build started 2012-02-07 오후 9:24:01.
     1>Project "C:\Users\hoyajigi\documents\visual studio 2010\Projects\CUDA\CUDA\CUDA.vcxproj" on node 2 (build target(s)).
     1>InitializeBuildStatus:
         Creating "Debug\CUDA.unsuccessfulbuild" because "AlwaysCreate" was specified.
       AddCudaCompileDeps:
         C:\Program Files (x86)\Microsoft Visual Studio 10.0\VC\bin\cl.exe /E /nologo /showIncludes /TP /I"C:\Program Files\NVIDIA GPU Computing Toolkit\CUDA\v4.0\bin" /I"C:\Program Files\NVIDIA GPU Computing Toolkit\CUDA\v4.0\include" /I. /FIcuda_runtime.h /c "C:\Users\hoyajigi\documents\visual studio 2010\Projects\CUDA\CUDA\HelloCUDA.cu" 
       AddCudaCompilePropsDeps:
       Skipping target "AddCudaCompilePropsDeps" because all output files are up-to-date with respect to the input files.
       CudaBuild:
         Compiling CUDA source file HelloCUDA.cu...
         cmd.exe /C "C:\Users\hoyajigi\AppData\Local\Temp\1e3a823d92534d449fe54a6c1ee3ab38.cmd"
         "C:\Program Files\NVIDIA GPU Computing Toolkit\CUDA\v4.0\bin\nvcc.exe" -gencode=arch=compute_10,code=\"sm_10,compute_10\" --use-local-env --cl-version 2010 -ccbin "C:\Program Files (x86)\Microsoft Visual Studio 10.0\VC\bin"  -I"C:\Program Files\NVIDIA GPU Computing Toolkit\CUDA\v4.0\include"  -G0  --keep-dir "Debug" -maxrregcount=0  --machine 32 --compile  -D_NEXUS_DEBUG -g    -Xcompiler "/EHsc /nologo /Od /Zi  /MDd " -o "Debug\HelloCUDA.cu.obj" "C:\Users\hoyajigi\documents\visual studio 2010\Projects\CUDA\CUDA\HelloCUDA.cu"
         
         C:\Users\hoyajigi\documents\visual studio 2010\Projects\CUDA\CUDA>"C:\Program Files\NVIDIA GPU Computing Toolkit\CUDA\v4.0\bin\nvcc.exe" -gencode=arch=compute_10,code=\"sm_10,compute_10\" --use-local-env --cl-version 2010 -ccbin "C:\Program Files (x86)\Microsoft Visual Studio 10.0\VC\bin"  -I"C:\Program Files\NVIDIA GPU Computing Toolkit\CUDA\v4.0\include"  -G0  --keep-dir "Debug" -maxrregcount=0  --machine 32 --compile  -D_NEXUS_DEBUG -g    -Xcompiler "/EHsc /nologo /Od /Zi  /MDd " -o "Debug\HelloCUDA.cu.obj" "C:\Users\hoyajigi\documents\visual studio 2010\Projects\CUDA\CUDA\HelloCUDA.cu" 
         HelloCUDA.cu
     1>c:\program files\nvidia gpu computing toolkit\cuda\v4.0\include\math_functions.h(845): warning C4819: The file contains a character that cannot be represented in the current code page (949). Save the file in Unicode format to prevent data loss
     1>C:/Users/hoyajigi/documents/visual studio 2010/Projects/CUDA/CUDA/HelloCUDA.cu(158): warning : variable "timer_compute" was declared but never referenced
         
     1>C:/Users/hoyajigi/documents/visual studio 2010/Projects/CUDA/CUDA/HelloCUDA.cu(159): warning : variable "after" was declared but never referenced
         
         tmpxft_000012a0_00000000-0_HelloCUDA.cudafe1.gpu
     1>c:\program files\nvidia gpu computing toolkit\cuda\v4.0\include\math_functions.h(845): warning C4819: The file contains a character that cannot be represented in the current code page (949). Save the file in Unicode format to prevent data loss
         tmpxft_000012a0_00000000-5_HelloCUDA.cudafe2.gpu
     1>c:\program files\nvidia gpu computing toolkit\cuda\v4.0\include\math_functions.h(845): warning C4819: The file contains a character that cannot be represented in the current code page (949). Save the file in Unicode format to prevent data loss
         HelloCUDA.cu
     1>c:\program files\nvidia gpu computing toolkit\cuda\v4.0\include\math_functions.h(845): warning C4819: The file contains a character that cannot be represented in the current code page (949). Save the file in Unicode format to prevent data loss
     1>C:/Users/hoyajigi/documents/visual studio 2010/Projects/CUDA/CUDA/HelloCUDA.cu(158): warning : variable "timer_compute" was declared but never referenced
         
     1>C:/Users/hoyajigi/documents/visual studio 2010/Projects/CUDA/CUDA/HelloCUDA.cu(159): warning : variable "after" was declared but never referenced
         
         tmpxft_000012a0_00000000-0_HelloCUDA.cudafe1.cpp
     1>c:\program files\nvidia gpu computing toolkit\cuda\v4.0\include\math_functions.h(845): warning C4819: The file contains a character that cannot be represented in the current code page (949). Save the file in Unicode format to prevent data loss
         tmpxft_000012a0_00000000-11_HelloCUDA.ii
         Deleting file "tmpxft_000012a0_00000000-6_HelloCUDA.cpp3.o".
       ManifestResourceCompile:
         All outputs are up-to-date.
       Link:
         C:\Program Files (x86)\Microsoft Visual Studio 10.0\VC\bin\link.exe /ERRORREPORT:PROMPT /OUT:"C:\Users\hoyajigi\documents\visual studio 2010\Projects\CUDA\Debug\CUDA.exe" /INCREMENTAL /NOLOGO /LIBPATH:"C:\Program Files\NVIDIA GPU Computing Toolkit\CUDA\v4.0\lib\Win32" cudart.lib kernel32.lib user32.lib gdi32.lib winspool.lib comdlg32.lib advapi32.lib shell32.lib ole32.lib oleaut32.lib uuid.lib odbc32.lib odbccp32.lib /MANIFEST /ManifestFile:"Debug\CUDA.exe.intermediate.manifest" /MANIFESTUAC:"level='asInvoker' uiAccess='false'" /DEBUG /PDB:"C:\Users\hoyajigi\documents\visual studio 2010\Projects\CUDA\Debug\CUDA.pdb" /SUBSYSTEM:CONSOLE /TLBID:1 /DYNAMICBASE /NXCOMPAT /IMPLIB:"C:\Users\hoyajigi\documents\visual studio 2010\Projects\CUDA\Debug\CUDA.lib" /MACHINE:X86 Debug\HelloCUDA.cu.obj
         Debug\CUDA.exe.embed.manifest.res
       Manifest:
         C:\Program Files (x86)\Microsoft SDKs\Windows\v7.0A\bin\mt.exe /nologo /verbose /out:"Debug\CUDA.exe.embed.manifest" /manifest Debug\CUDA.exe.intermediate.manifest
         All outputs are up-to-date.
       LinkEmbedManifest:
         All outputs are up-to-date.
         CUDA.vcxproj -> C:\Users\hoyajigi\documents\visual studio 2010\Projects\CUDA\Debug\CUDA.exe
       FinalizeBuildStatus:
         Deleting file "Debug\CUDA.unsuccessfulbuild".
         Touching "Debug\CUDA.lastbuildstate".
     1>Done Building Project "C:\Users\hoyajigi\documents\visual studio 2010\Projects\CUDA\CUDA\CUDA.vcxproj" (build target(s)).

Build succeeded.

Time Elapsed 00:00:02.06
